<?xml version="1.0" encoding="UTF-8"?>
<!-- Generated by org.testng.reporters.JUnitReportReporter -->
<testsuite skipped="2" hostname="DESKTOP-GU56F5N" name="com.crm.qa.testcases.HomePageTest" tests="2" failures="0" timestamp="14 Jul 2019 14:15:29 GMT" time="0.000" errors="0">
  <testcase name="verifyHomeLink" time="0.000" classname="com.crm.qa.testcases.HomePageTest">
    <skipped/>
  </testcase> <!-- verifyHomeLink -->
  <testcase name="clickTasksLink" time="0.000" classname="com.crm.qa.testcases.HomePageTest">
    <skipped/>
  </testcase> <!-- clickTasksLink -->
</testsuite> <!-- com.crm.qa.testcases.HomePageTest -->
