<?xml version="1.0" encoding="UTF-8"?>
<!-- Generated by org.testng.reporters.JUnitReportReporter -->
<testsuite skipped="0" hostname="DESKTOP-GU56F5N" name="com.crm.qa.testcases.LoginPageTest" tests="2" failures="0" timestamp="14 Jul 2019 14:29:10 GMT" time="0.555" errors="0">
  <testcase name="loginPageTitle" time="0.052" classname="com.crm.qa.testcases.LoginPageTest"/>
  <testcase name="loginTest" time="0.503" classname="com.crm.qa.testcases.LoginPageTest"/>
</testsuite> <!-- com.crm.qa.testcases.LoginPageTest -->
