<?xml version="1.0" encoding="UTF-8"?>
<!-- Generated by org.testng.reporters.JUnitReportReporter -->
<testsuite skipped="3" hostname="DESKTOP-GU56F5N" name="com.crm.qa.testcases.HomePageTest" tests="3" failures="0" timestamp="08 Jul 2019 11:17:21 GMT" time="0.000" errors="0">
  <testcase name="verifyHomeLink" time="0.000" classname="com.crm.qa.testcases.HomePageTest">
    <skipped/>
  </testcase> <!-- verifyHomeLink -->
  <testcase name="verifyName" time="0.000" classname="com.crm.qa.testcases.HomePageTest">
    <skipped/>
  </testcase> <!-- verifyName -->
  <testcase name="clickTasksLink" time="0.000" classname="com.crm.qa.testcases.HomePageTest">
    <skipped/>
  </testcase> <!-- clickTasksLink -->
</testsuite> <!-- com.crm.qa.testcases.HomePageTest -->
