<?xml version="1.0" encoding="UTF-8"?>
<!-- Generated by org.testng.reporters.JUnitReportReporter -->
<testsuite skipped="4" hostname="DESKTOP-GU56F5N" name="com.crm.qa.testcases.ContactsPageTest" tests="4" failures="0" timestamp="14 Jul 2019 14:15:29 GMT" time="0.000" errors="0">
  <testcase name="enterDetails" time="0.000" classname="com.crm.qa.testcases.ContactsPageTest">
    <skipped/>
  </testcase> <!-- enterDetails -->
  <testcase name="enterDetails" time="0.000" classname="com.crm.qa.testcases.ContactsPageTest">
    <skipped/>
  </testcase> <!-- enterDetails -->
  <testcase name="enterDetails" time="0.000" classname="com.crm.qa.testcases.ContactsPageTest">
    <skipped/>
  </testcase> <!-- enterDetails -->
  <testcase name="enterDetails" time="0.000" classname="com.crm.qa.testcases.ContactsPageTest">
    <skipped/>
  </testcase> <!-- enterDetails -->
</testsuite> <!-- com.crm.qa.testcases.ContactsPageTest -->
