<?xml version="1.0" encoding="UTF-8"?>
<!-- Generated by org.testng.reporters.JUnitReportReporter -->
<testsuite skipped="0" hostname="DESKTOP-GU56F5N" name="com.crm.qa.base.HeadlessChromeTestTest" tests="1" failures="0" timestamp="13 Jul 2019 20:10:58 GMT" time="13.843" errors="0">
  <testcase name="launch" time="13.843" classname="com.crm.qa.base.HeadlessChromeTestTest"/>
</testsuite> <!-- com.crm.qa.base.HeadlessChromeTestTest -->
