<?xml version="1.0" encoding="UTF-8"?>
<!-- Generated by org.testng.reporters.JUnitReportReporter -->
<testsuite skipped="0" hostname="DESKTOP-GU56F5N" name="com.crm.qa.base.HeadlessChrome" tests="1" failures="0" timestamp="14 Jul 2019 14:09:07 GMT" time="12.168" errors="0">
  <testcase name="createChromeDriverHeadless" time="12.168" classname="com.crm.qa.base.HeadlessChrome"/>
</testsuite> <!-- com.crm.qa.base.HeadlessChrome -->
